<?xml version="1.0" encoding="UTF-8"?>
<testng-results ignored="0" total="4" passed="4" failed="0" skipped="0">
  <reporter-output>
  </reporter-output>
  <suite started-at="2025-08-03T22:33:59 EET" name="Default suite" finished-at="2025-08-03T22:35:55 EET" duration-ms="115984">
    <groups>
    </groups>
    <test started-at="2025-08-03T22:33:59 EET" name="Default test" finished-at="2025-08-03T22:35:55 EET" duration-ms="115984">
      <class name="tests.UserTests">
        <test-method is-config="true" signature="setup()[pri:0, instance:tests.UserTests@3b69e7d1]" started-at="2025-08-03T22:33:59 EET" name="setup" finished-at="2025-08-03T22:35:29 EET" duration-ms="89856" status="PASS">
          <reporter-output>
          </reporter-output>
        </test-method> <!-- setup -->
        <test-method signature="testSignup()[pri:1, instance:tests.UserTests@3b69e7d1]" started-at="2025-08-03T22:35:29 EET" name="testSignup" finished-at="2025-08-03T22:35:38 EET" duration-ms="9035" status="PASS">
          <reporter-output>
          </reporter-output>
        </test-method> <!-- testSignup -->
        <test-method signature="testLogout()[pri:2, instance:tests.UserTests@3b69e7d1]" started-at="2025-08-03T22:35:38 EET" name="testLogout" finished-at="2025-08-03T22:35:41 EET" duration-ms="2699" status="PASS">
          <reporter-output>
          </reporter-output>
        </test-method> <!-- testLogout -->
        <test-method signature="testLogin()[pri:3, instance:tests.UserTests@3b69e7d1]" started-at="2025-08-03T22:35:41 EET" name="testLogin" finished-at="2025-08-03T22:35:44 EET" depends-on-methods="tests.UserTests.testSignup" duration-ms="2568" status="PASS">
          <reporter-output>
          </reporter-output>
        </test-method> <!-- testLogin -->
        <test-method signature="testAddToCartAndCheckout()[pri:4, instance:tests.UserTests@3b69e7d1]" started-at="2025-08-03T22:35:44 EET" name="testAddToCartAndCheckout" finished-at="2025-08-03T22:35:54 EET" duration-ms="10833" status="PASS">
          <reporter-output>
          </reporter-output>
        </test-method> <!-- testAddToCartAndCheckout -->
        <test-method is-config="true" signature="teardown()[pri:0, instance:tests.UserTests@3b69e7d1]" started-at="2025-08-03T22:35:55 EET" name="teardown" finished-at="2025-08-03T22:35:55 EET" duration-ms="884" status="PASS">
          <reporter-output>
          </reporter-output>
        </test-method> <!-- teardown -->
      </class> <!-- tests.UserTests -->
    </test> <!-- Default test -->
  </suite> <!-- Default suite -->
</testng-results>
